2025-03-23 18:55:21,453 - INFO - test_parsing.py:38 - Testing indusind_bank.pdf 

2025-03-23 18:55:26,876 - INFO - file_utils.py:71 - Saved transcript text to file

2025-03-23 18:55:34,908 - INFO - main.py:124 - Response from Moderator classifier: {'intent': 'opening', 'reasoning': "From the moderator statement, it's the start of the call, as the moderator is welcoming everyone to the concall, providing instructions and introducing the speaker."}
2025-03-23 18:55:35,532 - INFO - main.py:124 - Response from Moderator classifier: {'intent': 'new_analyst_start', 'analyst_name': 'Kunal Shah', 'analyst_company': 'Citigroup', 'reasoning': "From the moderator statement, it's introducing an analyst from a new company to start the Q&A session."}
2025-03-23 18:55:36,226 - INFO - main.py:124 - Response from Moderator classifier: {'intent': 'new_analyst_start', 'analyst_name': 'Rikin Shah', 'analyst_company': 'IIFL', 'reasoning': "From the moderator statement, it's introducing an analyst from a new company to start the Q&A session."}
2025-03-23 18:55:36,944 - INFO - main.py:124 - Response from Moderator classifier: {'intent': 'new_analyst_start', 'analyst_name': 'Chintan Joshi', 'analyst_company': 'Autonomous', 'reasoning': "From the moderator statement, it's introducing an analyst from a new company to start the Q&A session."}
2025-03-23 18:55:37,354 - INFO - main.py:124 - Response from Moderator classifier: {'intent': 'new_analyst_start', 'analyst_name': 'Piran Engineer', 'analyst_company': 'CLSA India', 'reasoning': "From the moderator statement, it's introducing an analyst from a new company to start the Q&A session."}
2025-03-23 18:55:37,763 - INFO - main.py:124 - Response from Moderator classifier: {'intent': 'new_analyst_start', 'analyst_name': 'Anand Dama', 'analyst_company': 'Emkay Global', 'reasoning': "From the moderator statement, it's introducing an analyst from a new company to start the Q&A session."}
2025-03-23 18:55:39,402 - INFO - main.py:124 - Response from Moderator classifier: {'intent': 'new_analyst_start', 'analyst_name': 'Abhishek Murarka', 'analyst_company': 'HSBC', 'reasoning': "From the moderator statement, it's introducing an analyst from a new company to start the Q&A session."}
2025-03-23 18:55:40,016 - INFO - main.py:124 - Response from Moderator classifier: {'intent': 'new_analyst_start', 'analyst_name': 'Jai Mundhra', 'analyst_company': 'ICICI Securities', 'reasoning': "From the moderator statement, it's introducing an analyst from a new company to start the Q&A session."}
2025-03-23 18:55:40,835 - INFO - main.py:124 - Response from Moderator classifier: {'intent': 'new_analyst_start', 'analyst_name': 'Shubhranshu Mishra', 'analyst_company': 'PhillipCapital', 'reasoning': "From the moderator statement, it's introducing an analyst from a new company to ask a question."}
2025-03-23 18:55:42,999 - INFO - main.py:124 - Response from Moderator classifier: {'intent': 'end', 'reasoning': "From the moderator statement, it's closing the call as the last question has been taken and the conference is being handed over for closing comments."}
2025-03-23 18:55:43,607 - INFO - main.py:124 - Response from Moderator classifier: {'intent': 'end', 'reasoning': "From the moderator statement, it's closing the call and thanking everyone for joining."}
2025-03-23 18:55:43,608 - INFO - main.py:167 - Extracted dialogues
2025-03-23 18:55:43,612 - INFO - test_parsing.py:38 - Testing icici_lombard.pdf 

2025-03-23 18:55:51,279 - INFO - file_utils.py:71 - Saved transcript text to file

2025-03-23 18:55:58,039 - INFO - main.py:124 - Response from Moderator classifier: {'intent': 'opening', 'reasoning': "From the moderator statement, it's the start of the call, as the moderator is welcoming everyone to the concall, introducing the senior management team, and providing instructions for the call."}
2025-03-23 18:56:02,954 - INFO - main.py:124 - Response from Moderator classifier: {'intent': 'new_analyst_start', 'analyst_name': 'Nidhesh Jain', 'analyst_company': 'Investec', 'reasoning': "From the moderator statement, it's introducing an analyst from a new company to start the Q&A session."}
2025-03-23 18:56:09,304 - INFO - main.py:124 - Response from Moderator classifier: {'intent': 'new_analyst_start', 'analyst_name': 'Jayant Kharote', 'analyst_company': 'Jefferies', 'reasoning': "From the moderator statement, it's introducing an analyst from a new company to ask a question."}
2025-03-23 18:56:14,241 - INFO - main.py:124 - Response from Moderator classifier: {'intent': 'new_analyst_start', 'analyst_name': 'Subramanian Iyer', 'analyst_company': 'Morgan Stanley', 'reasoning': "From the moderator statement, it's introducing an analyst from a new company to ask the next question."}
2025-03-23 18:56:18,928 - INFO - main.py:124 - Response from Moderator classifier: {'intent': 'new_analyst_start', 'analyst_name': 'Madhukar Ladha', 'analyst_company': 'Nuvama Wealth Management', 'reasoning': "From the moderator statement, it's introducing an analyst from a new company to start the Q&A session."}
2025-03-23 18:56:25,277 - INFO - main.py:124 - Response from Moderator classifier: {'intent': 'new_analyst_start', 'analyst_name': 'Rishi Jhunjhunwala', 'analyst_company': 'IIFL Institutional Equities', 'reasoning': "From the moderator statement, it's introducing an analyst from a new company to start the Q&A session."}
2025-03-23 18:56:31,626 - INFO - main.py:124 - Response from Moderator classifier: {'intent': 'new_analyst_start', 'analyst_name': 'Avinash Singh', 'analyst_company': 'Emkay Global', 'reasoning': "From the moderator statement, it's introducing an analyst from a new company to ask a question."}
2025-03-23 18:56:36,335 - INFO - main.py:124 - Response from Moderator classifier: {'intent': 'end', 'reasoning': "From the moderator statement, it's closing the call as the last question has been answered and the moderator is handing over the call to someone for closing comments."}
2025-03-23 18:56:42,480 - INFO - main.py:124 - Response from Moderator classifier: {'intent': 'end', 'reasoning': "From the moderator statement, it's thanking everyone for joining and asking them to disconnect, which indicates the call is being closed."}
2025-03-23 18:56:42,484 - INFO - main.py:167 - Extracted dialogues
2025-03-23 18:56:42,487 - INFO - test_parsing.py:38 - Testing irctc.pdf 

2025-03-23 18:56:46,819 - INFO - file_utils.py:71 - Saved transcript text to file

2025-03-23 18:56:56,816 - INFO - main.py:124 - Response from Moderator classifier: {'intent': 'opening', 'reasoning': "From the moderator statement, it's the start of the call, as the moderator is welcoming everyone to the concall and providing instructions for the call."}
2025-03-23 18:57:01,526 - INFO - main.py:124 - Response from Moderator classifier: {'intent': 'new_analyst_start', 'analyst_name': 'Jinesh Joshi', 'analyst_company': 'PL Capital', 'reasoning': "From the moderator statement, it's introducing an analyst from a new company to start the Q&A session."}
2025-03-23 18:57:07,670 - INFO - main.py:124 - Response from Moderator classifier: {'intent': 'opening', 'reasoning': 'The moderator is addressing a technical issue, indicating that the call has just started.'}
2025-03-23 18:57:12,381 - INFO - main.py:124 - Response from Moderator classifier: {'intent': 'new_analyst_start', 'analyst_name': 'Deepak', 'analyst_company': 'Sundaram Mutual Funds', 'reasoning': "From the moderator statement, it's introducing an analyst from a new company to ask a question."}
2025-03-23 18:57:18,729 - INFO - main.py:124 - Response from Moderator classifier: {'intent': 'new_analyst_start', 'analyst_name': 'Madhuchanda Dey', 'analyst_company': 'Money control Pro', 'reasoning': "From the moderator statement, it's introducing an analyst from a new company to ask the next question."}
2025-03-23 18:57:23,849 - INFO - main.py:124 - Response from Moderator classifier: {'intent': 'new_analyst_start', 'analyst_name': 'Balaji', 'analyst_company': 'IIFL', 'reasoning': "From the moderator statement, it's introducing an analyst from a new company to ask the next question."}
2025-03-23 18:57:23,850 - INFO - main.py:167 - Extracted dialogues
2025-03-23 18:57:23,853 - INFO - test_parsing.py:38 - Testing unilever.pdf 

2025-03-23 18:57:32,872 - INFO - file_utils.py:71 - Saved transcript text to file

2025-03-23 18:57:33,884 - ERROR - main.py:51 - Could not extract management from text
Traceback (most recent call last):
  File "/home/kakashi/build/concall/Concall-summarizer/backend/main.py", line 48, in extract_management_team
    response = json.loads(response)
  File "/home/kakashi/anaconda3/lib/python3.9/json/__init__.py", line 339, in loads
    raise TypeError(f'the JSON object must be str, bytes or bytearray, '
TypeError: the JSON object must be str, bytes or bytearray, not NoneType
2025-03-23 18:57:33,885 - ERROR - test_parsing.py:48 - Error while processing file %s
Traceback (most recent call last):
  File "/home/kakashi/build/concall/Concall-summarizer/backend/tests/test_parsing.py", line 43, in test_documents
    dialogues = parse_conference_call(transcript_dict=transcript)
  File "/home/kakashi/build/concall/Concall-summarizer/backend/main.py", line 213, in parse_conference_call
    dialogues = parser.extract_dialogues(transcript_dict)
  File "/home/kakashi/build/concall/Concall-summarizer/backend/main.py", line 142, in extract_dialogues
    if intent == "opening":
UnboundLocalError: local variable 'intent' referenced before assignment
2025-03-23 18:57:33,887 - INFO - test_parsing.py:38 - Testing tatamotors.pdf 

2025-03-23 18:57:40,048 - INFO - file_utils.py:71 - Saved transcript text to file

2025-03-23 18:57:41,465 - INFO - test_parsing.py:38 - Testing reliance.pdf 

2025-03-23 18:57:49,039 - INFO - file_utils.py:71 - Saved transcript text to file

2025-03-23 18:57:50,248 - INFO - test_parsing.py:38 - Testing zomato.pdf 

2025-03-23 18:57:55,259 - INFO - file_utils.py:71 - Saved transcript text to file

2025-03-23 18:58:03,785 - INFO - main.py:124 - Response from Moderator classifier: {'intent': 'opening', 'reasoning': "From the moderator statement, it's the start of the call, as the moderator is welcoming everyone to the concall, introducing the management team, and providing instructions for the attendees."}
2025-03-23 18:58:08,496 - INFO - main.py:124 - Response from Moderator classifier: {'intent': 'new_analyst_start', 'analyst_name': 'Aditya Soman', 'analyst_company': 'CLSA', 'reasoning': "From the moderator statement, it's introducing an analyst from a new company to start the Q&A session."}
2025-03-23 18:58:15,049 - INFO - main.py:124 - Response from Moderator classifier: {'intent': 'new_analyst_start', 'analyst_name': 'Ankur Rudra', 'analyst_company': 'JP Morgan', 'reasoning': "From the moderator statement, it's introducing an analyst from a new company to start the Q&A session."}
2025-03-23 18:58:18,735 - INFO - main.py:124 - Response from Moderator classifier: {'intent': 'new_analyst_start', 'analyst_name': 'Vivek Maheshwari', 'analyst_company': 'Jefferies', 'reasoning': "From the moderator statement, it's introducing an analyst from a new company to ask a question."}
2025-03-23 18:58:24,878 - INFO - main.py:124 - Response from Moderator classifier: {'intent': 'new_analyst_start', 'analyst_name': 'Swapnil Potdukhe', 'analyst_company': 'JM Financial', 'reasoning': "From the moderator statement, it's introducing an analyst from a new company to ask a question."}
2025-03-23 18:58:31,024 - INFO - main.py:124 - Response from Moderator classifier: {'intent': 'new_analyst_start', 'analyst_name': 'Yogesh Aggarwal', 'analyst_company': 'HSBC', 'reasoning': "From the moderator statement, it's introducing an analyst from a new company to ask a question."}
2025-03-23 18:58:31,027 - INFO - main.py:167 - Extracted dialogues
2025-03-23 18:58:31,029 - INFO - test_parsing.py:38 - Testing havells.pdf 

2025-03-23 18:58:36,124 - INFO - file_utils.py:71 - Saved transcript text to file

2025-03-23 18:58:44,745 - INFO - main.py:124 - Response from Moderator classifier: {'intent': 'opening', 'reasoning': "From the moderator statement, it's the start of the call, as the moderator is welcoming everyone to the concall and providing instructions for the call."}
2025-03-23 18:58:49,453 - INFO - main.py:124 - Response from Moderator classifier: {'intent': 'new_analyst_start', 'analyst_name': 'Ravi Swaminathan', 'analyst_company': 'Spark Capital', 'reasoning': "From the moderator statement, it's introducing an analyst from a new company to start the Q&A session."}
2025-03-23 18:58:55,597 - INFO - main.py:124 - Response from Moderator classifier: {'intent': 'new_analyst_start', 'analyst_name': 'Natasha Jain', 'analyst_company': 'PhillipCapital', 'reasoning': "From the moderator statement, it's introducing an analyst from a new company to ask a question."}
2025-03-23 18:59:00,412 - INFO - main.py:124 - Response from Moderator classifier: {'intent': 'new_analyst_start', 'analyst_name': 'Rahul Agarwal', 'analyst_company': 'IKIGAI Asset Management', 'reasoning': "From the moderator statement, it's introducing an analyst from a new company to ask a question."}
2025-03-23 18:59:06,451 - INFO - main.py:124 - Response from Moderator classifier: {'intent': 'new_analyst_start', 'analyst_name': 'Sonali Salgaonkar', 'analyst_company': 'Jefferies India', 'reasoning': "From the moderator statement, it's introducing an analyst from a new company to start the Q&A session."}
2025-03-23 18:59:12,804 - INFO - main.py:124 - Response from Moderator classifier: {'intent': 'new_analyst_start', 'analyst_name': 'Renu', 'analyst_company': 'IIFL Securities', 'reasoning': "From the moderator statement, it's introducing an analyst from a new company to start the Q&A session."}
2025-03-23 18:59:17,512 - INFO - main.py:124 - Response from Moderator classifier: {'intent': 'new_analyst_start', 'analyst_name': 'Kunal Sheth', 'analyst_company': 'B&K Securities', 'reasoning': "From the moderator statement, it's introducing an analyst from a new company to start the Q&A session."}
2025-03-23 18:59:17,514 - INFO - main.py:167 - Extracted dialogues
2025-03-23 18:59:17,517 - INFO - test_parsing.py:38 - Testing bosch.pdf 

2025-03-23 18:59:20,740 - INFO - file_utils.py:71 - Saved transcript text to file

2025-03-23 18:59:24,685 - INFO - test_parsing.py:38 - Testing asianpaints.pdf 

2025-03-23 19:00:08,680 - INFO - file_utils.py:71 - Saved transcript text to file

2025-03-23 19:00:09,944 - ERROR - test_parsing.py:48 - Error while processing file %s
Traceback (most recent call last):
  File "/home/kakashi/build/concall/Concall-summarizer/backend/tests/test_parsing.py", line 43, in test_documents
    dialogues = parse_conference_call(transcript_dict=transcript)
  File "/home/kakashi/build/concall/Concall-summarizer/backend/main.py", line 213, in parse_conference_call
    dialogues = parser.extract_dialogues(transcript_dict)
  File "/home/kakashi/build/concall/Concall-summarizer/backend/main.py", line 142, in extract_dialogues
    if intent == "opening":
UnboundLocalError: local variable 'intent' referenced before assignment
2025-03-23 19:00:09,945 - INFO - test_parsing.py:38 - Testing infosys.pdf 

2025-03-23 19:00:16,879 - INFO - file_utils.py:71 - Saved transcript text to file

2025-03-23 19:00:17,937 - INFO - test_parsing.py:38 - Testing Adani_total_gas.pdf 

2025-03-23 19:00:21,506 - INFO - file_utils.py:71 - Saved transcript text to file

2025-03-23 19:00:22,638 - INFO - main.py:124 - Response from Moderator classifier: {'intent': 'opening', 'reasoning': "From the moderator statement, it's the start of the call, as the moderator is welcoming everyone to the concall, providing instructions and introducing the first speaker."}
2025-03-23 19:00:23,253 - INFO - main.py:124 - Response from Moderator classifier: {'intent': 'new_analyst_start', 'analyst_name': 'Yogesh Patil', 'analyst_company': 'Dolat Capital', 'reasoning': "From the moderator statement, it's introducing an analyst from a new company to start the Q&A session."}
2025-03-23 19:00:23,867 - INFO - main.py:124 - Response from Moderator classifier: {'intent': 'new_analyst_start', 'analyst_name': 'Varatharajan', 'analyst_company': 'Antique Stock Broking', 'reasoning': "From the moderator statement, it's introducing an analyst from a new company to start the Q&A session."}
2025-03-23 19:00:24,481 - INFO - main.py:124 - Response from Moderator classifier: {'intent': 'new_analyst_start', 'analyst_name': 'Sabri Hazarika', 'analyst_company': 'Emkay Global', 'reasoning': "From the moderator statement, it's introducing an analyst from a new company to ask a question."}
2025-03-23 19:00:25,300 - INFO - main.py:124 - Response from Moderator classifier: {'intent': 'new_analyst_start', 'analyst_name': 'Nitin Tiwari', 'analyst_company': 'Phillip Capital', 'reasoning': "From the moderator statement, it's introducing an analyst from a new company to start the Q&A session."}
2025-03-23 19:00:25,710 - INFO - main.py:124 - Response from Moderator classifier: {'intent': 'end', 'reasoning': "From the moderator statement, it's closing the call as the Q&A session is over and the conference is being handed over to the management for their closing comments."}
2025-03-23 19:00:26,119 - INFO - main.py:124 - Response from Moderator classifier: {'intent': 'end', 'reasoning': "From the moderator statement, it's thanking the participants and asking them to disconnect, indicating the end of the call."}
2025-03-23 19:00:26,120 - INFO - main.py:167 - Extracted dialogues
2025-03-23 19:00:26,124 - INFO - test_parsing.py:38 - Testing hero.pdf 

2025-03-23 19:00:32,287 - INFO - file_utils.py:71 - Saved transcript text to file

2025-03-23 19:00:40,224 - ERROR - test_parsing.py:48 - Error while processing file %s
Traceback (most recent call last):
  File "/home/kakashi/build/concall/Concall-summarizer/backend/tests/test_parsing.py", line 43, in test_documents
    dialogues = parse_conference_call(transcript_dict=transcript)
  File "/home/kakashi/build/concall/Concall-summarizer/backend/main.py", line 213, in parse_conference_call
    dialogues = parser.extract_dialogues(transcript_dict)
  File "/home/kakashi/build/concall/Concall-summarizer/backend/main.py", line 142, in extract_dialogues
    if intent == "opening":
UnboundLocalError: local variable 'intent' referenced before assignment
2025-03-23 19:00:40,225 - INFO - test_parsing.py:38 - Testing bajaj_finserv.pdf 

2025-03-23 19:00:47,051 - INFO - file_utils.py:71 - Saved transcript text to file

2025-03-23 19:00:59,911 - INFO - main.py:124 - Response from Moderator classifier: {'intent': 'opening', 'reasoning': "From the moderator statement, it's the start of the call, as the moderator is welcoming everyone to the concall and providing instructions for the call."}
2025-03-23 19:01:06,465 - INFO - main.py:124 - Response from Moderator classifier: {'intent': 'new_analyst_start', 'analyst_name': 'Mahek', 'analyst_company': 'Emkay Global', 'reasoning': "From the moderator statement, it's introducing an analyst from a new company to start the Q&A session."}
2025-03-23 19:01:11,380 - INFO - main.py:124 - Response from Moderator classifier: {'intent': 'end', 'reasoning': "From the moderator statement, it's closing the call as they are taking the last question and handing over to someone for closing comments."}
2025-03-23 19:01:17,525 - INFO - main.py:124 - Response from Moderator classifier: {'intent': 'end', 'reasoning': "From the moderator statement, it's thanking everyone for joining and allowing them to disconnect, indicating the end of the call."}
2025-03-23 19:01:17,525 - INFO - main.py:167 - Extracted dialogues
2025-03-23 19:01:17,528 - INFO - test_parsing.py:38 - Testing skf_india.pdf 

2025-03-23 19:01:22,465 - INFO - file_utils.py:71 - Saved transcript text to file

2025-03-23 19:01:31,246 - INFO - main.py:124 - Response from Moderator classifier: {'intent': 'opening', 'reasoning': "From the moderator statement, it's the start of the call, as the moderator is welcoming everyone to the concall, providing instructions for the meeting, and introducing the first speaker."}
2025-03-23 19:01:37,595 - INFO - main.py:124 - Response from Moderator classifier: {'intent': 'new_analyst_start', 'analyst_name': 'Mukesh Saraf', 'analyst_company': 'Avendus Spark', 'reasoning': "From the moderator statement, it's introducing an analyst from a new company to start the Q&A session."}
2025-03-23 19:01:42,240 - INFO - main.py:124 - Response from Moderator classifier: {'intent': 'new_analyst_start', 'analyst_name': 'Harshit Patel', 'analyst_company': 'Equirus Securities', 'reasoning': "From the moderator statement, it's introducing an analyst from a new company to start the Q&A session."}
2025-03-23 19:01:48,346 - INFO - main.py:124 - Response from Moderator classifier: {'intent': 'new_analyst_start', 'analyst_name': 'Mumuksh Mandlesha', 'analyst_company': 'Anand Rathi Institutional Equities', 'reasoning': "From the moderator statement, it's introducing an analyst from a new company to ask the next question."}
2025-03-23 19:01:53,159 - INFO - main.py:124 - Response from Moderator classifier: {'intent': 'new_analyst_start', 'analyst_name': 'Rajkumar Vaidyanathan', 'analyst_company': 'Individual Investor', 'reasoning': "From the moderator statement, it's introducing an analyst from a new company to start the Q&A session."}
2025-03-23 19:01:53,160 - INFO - main.py:167 - Extracted dialogues
2025-03-23 19:01:53,163 - INFO - test_parsing.py:38 - Testing siemens.pdf 

2025-03-23 19:02:00,426 - INFO - file_utils.py:71 - Saved transcript text to file

2025-03-23 19:02:01,566 - INFO - test_parsing.py:38 - Testing apollo_hospitals.pdf 

2025-03-23 19:02:07,551 - INFO - file_utils.py:71 - Saved transcript text to file

2025-03-23 19:02:08,933 - ERROR - test_parsing.py:48 - Error while processing file %s
Traceback (most recent call last):
  File "/home/kakashi/build/concall/Concall-summarizer/backend/tests/test_parsing.py", line 43, in test_documents
    dialogues = parse_conference_call(transcript_dict=transcript)
  File "/home/kakashi/build/concall/Concall-summarizer/backend/main.py", line 213, in parse_conference_call
    dialogues = parser.extract_dialogues(transcript_dict)
  File "/home/kakashi/build/concall/Concall-summarizer/backend/main.py", line 107, in extract_dialogues
    dialogues["commentary_and_future_outlook"][-1][
IndexError: list index out of range
2025-03-23 19:02:08,933 - INFO - test_parsing.py:38 - Testing airtel.pdf 

2025-03-23 19:02:16,168 - INFO - file_utils.py:71 - Saved transcript text to file

2025-03-23 19:02:29,005 - INFO - test_parsing.py:38 - Testing lic.pdf 

2025-03-23 19:02:35,810 - INFO - file_utils.py:71 - Saved transcript text to file

2025-03-23 19:02:38,625 - ERROR - test_parsing.py:48 - Error while processing file %s
Traceback (most recent call last):
  File "/home/kakashi/build/concall/Concall-summarizer/backend/tests/test_parsing.py", line 43, in test_documents
    dialogues = parse_conference_call(transcript_dict=transcript)
  File "/home/kakashi/build/concall/Concall-summarizer/backend/main.py", line 213, in parse_conference_call
    dialogues = parser.extract_dialogues(transcript_dict)
  File "/home/kakashi/build/concall/Concall-summarizer/backend/main.py", line 107, in extract_dialogues
    dialogues["commentary_and_future_outlook"][-1][
IndexError: list index out of range
2025-03-23 19:02:38,625 - INFO - test_parsing.py:38 - Testing tatapower.pdf 

2025-03-23 19:02:44,167 - INFO - file_utils.py:71 - Saved transcript text to file

2025-03-23 19:02:54,803 - INFO - main.py:124 - Response from Moderator classifier: {'intent': 'opening', 'reasoning': "From the moderator statement, it's the start of the call, as the moderator is welcoming everyone to the concall and providing instructions for the call."}
2025-03-23 19:03:00,948 - INFO - main.py:124 - Response from Moderator classifier: {'intent': 'new_analyst_start', 'analyst_name': 'Mohit Kumar', 'analyst_company': 'ICICI Securities', 'reasoning': "From the moderator statement, it's introducing an analyst from a new company to start the Q&A session."}
2025-03-23 19:03:05,658 - INFO - main.py:124 - Response from Moderator classifier: {'intent': 'new_analyst_start', 'analyst_name': 'Sumit Kishore', 'analyst_company': 'Axis Capital', 'reasoning': "From the moderator statement, it's introducing an analyst from a new company to ask the next question."}
2025-03-23 19:03:12,006 - INFO - main.py:124 - Response from Moderator classifier: {'intent': 'new_analyst_start', 'analyst_name': 'Apoorva Bahadur', 'analyst_company': 'IIFL', 'reasoning': "From the moderator statement, it's introducing an analyst from a new company to start the Q&A session."}
2025-03-23 19:03:16,717 - INFO - main.py:124 - Response from Moderator classifier: {'intent': 'new_analyst_start', 'analyst_name': 'Puneet', 'analyst_company': 'HSBC', 'reasoning': "From the moderator statement, it's introducing an analyst from a new company to ask a question."}
2025-03-23 19:03:16,718 - INFO - main.py:167 - Extracted dialogues
2025-03-23 19:03:16,721 - INFO - test_parsing.py:38 - Testing ambuja_cement.pdf 

2025-03-23 19:03:23,159 - INFO - file_utils.py:71 - Saved transcript text to file

2025-03-23 19:03:31,053 - INFO - main.py:124 - Response from Moderator classifier: {'intent': 'opening', 'reasoning': "From the moderator statement, it's the start of the call, as the moderator is welcoming everyone to the concall and providing instructions for the call."}
2025-03-23 19:03:36,172 - INFO - main.py:124 - Response from Moderator classifier: {'intent': 'new_analyst_start', 'analyst_name': 'Amit Murarka', 'analyst_company': 'Axis Capital', 'reasoning': "From the moderator statement, it's introducing an analyst from a new company to start the Q&A session."}
2025-03-23 19:03:40,882 - INFO - main.py:124 - Response from Moderator classifier: {'intent': 'new_analyst_start', 'analyst_name': 'Navin Sahadeo', 'analyst_company': 'ICICI Securities', 'reasoning': "From the moderator statement, it's introducing an analyst from a new company to ask a question."}
2025-03-23 19:03:47,027 - INFO - main.py:124 - Response from Moderator classifier: {'intent': 'end', 'reasoning': "From the moderator statement, it's closing the call as they are handing over the conference to the management for closing comments."}
2025-03-23 19:03:52,761 - INFO - main.py:124 - Response from Moderator classifier: {'intent': 'end', 'reasoning': "From the moderator statement, it's closing the call and thanking participants for joining."}
2025-03-23 19:03:52,762 - INFO - main.py:167 - Extracted dialogues
2025-03-23 19:03:52,764 - INFO - test_parsing.py:38 - Testing info_edge.pdf 

2025-03-23 19:04:00,340 - INFO - file_utils.py:71 - Saved transcript text to file

2025-03-23 19:04:11,197 - INFO - test_parsing.py:38 - Testing britannia.pdf 

2025-03-23 19:04:16,082 - INFO - file_utils.py:71 - Saved transcript text to file

2025-03-23 19:04:30,239 - INFO - main.py:124 - Response from Moderator classifier: {'intent': 'opening', 'reasoning': "From the moderator statement, it's the start of the call, as the moderator is welcoming everyone to the concall and providing instructions for the call."}
2025-03-23 19:04:34,949 - INFO - main.py:124 - Response from Moderator classifier: {'intent': 'new_analyst_start', 'analyst_name': 'Abneesh Roy', 'analyst_company': 'Nuvama', 'reasoning': "From the moderator statement, it's introducing an analyst from a new company to start the Q&A session."}
2025-03-23 19:04:41,299 - INFO - main.py:124 - Response from Moderator classifier: {'intent': 'new_analyst_start', 'analyst_name': 'Percy Panthaki', 'analyst_company': 'IIFL Securities', 'reasoning': "From the moderator statement, it's introducing an analyst from a new company to ask a question."}
2025-03-23 19:04:41,303 - INFO - main.py:167 - Extracted dialogues
2025-03-23 19:04:41,306 - INFO - test_parsing.py:38 - Testing gail.pdf 

2025-03-23 19:04:47,862 - INFO - file_utils.py:71 - Saved transcript text to file

2025-03-23 19:04:51,333 - INFO - main.py:124 - Response from Moderator classifier: {'intent': 'opening', 'reasoning': "From the moderator statement, it's the start of the call, as the moderator is welcoming everyone to the concall, providing instructions and introducing the presenter."}
2025-03-23 19:04:57,682 - INFO - main.py:124 - Response from Moderator classifier: {'intent': 'new_analyst_start', 'analyst_name': 'Probal Sen', 'analyst_company': 'ICICI Securities', 'reasoning': "From the moderator statement, it's introducing an analyst from a new company to start the Q&A session."}
2025-03-23 19:05:04,031 - INFO - main.py:124 - Response from Moderator classifier: {'intent': 'new_analyst_start', 'analyst_name': 'Puneet Gulati', 'analyst_company': 'HSBC', 'reasoning': "From the moderator statement, it's introducing an analyst from a new company to ask a question."}
2025-03-23 19:05:08,741 - INFO - main.py:124 - Response from Moderator classifier: {'intent': 'new_analyst_start', 'analyst_name': 'Amit Murarka', 'analyst_company': 'Axis Capital', 'reasoning': "From the moderator statement, it's introducing an analyst from a new company to ask a question."}
2025-03-23 19:05:13,861 - INFO - main.py:124 - Response from Moderator classifier: {'intent': 'new_analyst_start', 'analyst_name': 'Sabri Hazarika', 'analyst_company': 'Emkay Global Financial Services', 'reasoning': "From the moderator statement, it's introducing an analyst from a new company to ask a question."}
2025-03-23 19:05:20,005 - INFO - main.py:124 - Response from Moderator classifier: {'intent': 'new_analyst_start', 'analyst_name': 'Varatharajan', 'analyst_company': 'Antique Limited', 'reasoning': "From the moderator statement, it's introducing an analyst from a new company to ask a question."}
2025-03-23 19:05:26,968 - INFO - main.py:124 - Response from Moderator classifier: {'intent': 'new_analyst_start', 'analyst_name': 'S. Ramesh', 'analyst_company': 'Nirmal Bang Equities', 'reasoning': "From the moderator statement, it's introducing an analyst from a new company to ask a question."}
2025-03-23 19:05:31,679 - INFO - main.py:124 - Response from Moderator classifier: {'intent': 'new_analyst_start', 'analyst_name': 'Mayank Maheshwari', 'analyst_company': 'Morgan Stanley', 'reasoning': "From the moderator statement, it's introducing an analyst from a new company to ask a question."}
2025-03-23 19:05:38,233 - INFO - main.py:124 - Response from Moderator classifier: {'intent': 'new_analyst_start', 'analyst_name': 'Kirtan Mehta', 'analyst_company': 'Baroda BNP Paribas', 'reasoning': "From the moderator statement, it's introducing an analyst from a new company to ask a question."}
2025-03-23 19:05:43,352 - INFO - main.py:124 - Response from Moderator classifier: {'intent': 'opening', 'reasoning': "The moderator is responding to a request, indicating that the call is already in progress, hence it's not the start of the call. The tone is informal and conversational, which is not typical of an opening statement."}
2025-03-23 19:05:49,701 - INFO - main.py:124 - Response from Moderator classifier: {'intent': 'new_analyst_start', 'analyst_name': 'Mehul Panjwani', 'analyst_company': '40 Cents', 'reasoning': "From the moderator statement, it's introducing an analyst from a new company to ask a question."}
2025-03-23 19:05:54,412 - INFO - main.py:124 - Response from Moderator classifier: {'intent': 'end', 'reasoning': 'The moderator is asking someone to rejoin the queue, indicating that the call is wrapping up or has ended.'}
2025-03-23 19:06:00,965 - INFO - main.py:124 - Response from Moderator classifier: {'intent': 'new_analyst_start', 'analyst_name': 'Santanu Saikia', 'analyst_company': 'Indian Petrol', 'reasoning': "From the moderator statement, it's introducing an analyst from a new company to ask a question."}
2025-03-23 19:06:06,085 - INFO - main.py:124 - Response from Moderator classifier: {'intent': 'new_analyst_start', 'analyst_name': 'Somaiya V', 'analyst_company': 'Avendus Spark', 'reasoning': "From the moderator statement, it's introducing an analyst from a new company to start the Q&A session."}
2025-03-23 19:06:10,796 - INFO - main.py:124 - Response from Moderator classifier: {'intent': 'new_analyst_start', 'analyst_name': 'Yogesh Patil', 'analyst_company': 'Dolat Capital', 'reasoning': "From the moderator statement, it's introducing an analyst from a new company to ask a question."}
2025-03-23 19:06:16,940 - INFO - main.py:124 - Response from Moderator classifier: {'intent': 'new_analyst_start', 'analyst_name': 'Vikash Jain', 'analyst_company': 'CLSA', 'reasoning': "From the moderator statement, it's introducing an analyst from a new company to start the Q&A session."}
2025-03-23 19:06:22,879 - INFO - main.py:124 - Response from Moderator classifier: {'intent': 'end', 'reasoning': "From the moderator statement, it's closing the call as the last question has been answered and the conference is being handed over for closing remarks."}
2025-03-23 19:06:27,589 - INFO - main.py:124 - Response from Moderator classifier: {'intent': 'end', 'reasoning': "From the moderator statement, it's indicating the end of the call as it's referring to the last page of the transcript."}
2025-03-23 19:06:33,733 - INFO - main.py:124 - Response from Moderator classifier: {'intent': 'end', 'reasoning': "From the moderator statement, it's closing the call and thanking participants for joining."}
2025-03-23 19:06:33,734 - INFO - main.py:167 - Extracted dialogues
2025-03-23 19:06:33,739 - INFO - test_parsing.py:38 - Testing sbi.pdf 

2025-03-23 19:06:40,710 - INFO - file_utils.py:71 - Saved transcript text to file

2025-03-23 19:06:42,210 - INFO - test_parsing.py:38 - Testing vedanta.pdf 

2025-03-23 19:06:48,941 - INFO - file_utils.py:71 - Saved transcript text to file

2025-03-23 19:06:55,032 - INFO - main.py:124 - Response from Moderator classifier: {'intent': 'opening', 'reasoning': "From the moderator statement, it's the start of the call, as the moderator is welcoming everyone to the concall and providing instructions for the call."}
2025-03-23 19:07:01,381 - INFO - main.py:124 - Response from Moderator classifier: {'intent': 'new_analyst_start', 'analyst_name': 'Amit Lahoti', 'analyst_company': 'Emkay Global Financial Services', 'reasoning': "From the moderator statement, it's introducing an analyst from a new company to start the Q&A session."}
2025-03-23 19:07:07,730 - INFO - main.py:124 - Response from Moderator classifier: {'intent': 'new_analyst_start', 'analyst_name': 'Amit Dixit', 'analyst_company': 'ICICI Securities', 'reasoning': "From the moderator statement, it's introducing an analyst from a new company to ask a question."}
2025-03-23 19:07:12,644 - INFO - main.py:124 - Response from Moderator classifier: {'intent': 'new_analyst_start', 'analyst_name': 'Ashish Kejriwal', 'analyst_company': 'Nuvama Wealth Management', 'reasoning': "From the moderator statement, it's introducing an analyst from a new company to ask a question."}
2025-03-23 19:07:17,765 - INFO - main.py:124 - Response from Moderator classifier: {'intent': 'new_analyst_start', 'analyst_name': 'Ritesh Shah', 'analyst_company': 'Investec', 'reasoning': "From the moderator statement, it's introducing an analyst from a new company to ask a question."}
2025-03-23 19:07:24,113 - INFO - main.py:124 - Response from Moderator classifier: {'intent': 'new_analyst_start', 'analyst_name': 'Raashi Chopra', 'analyst_company': 'Citigroup', 'reasoning': "From the moderator statement, it's introducing an analyst from a new company to start the Q&A session."}
2025-03-23 19:07:28,824 - INFO - main.py:124 - Response from Moderator classifier: {'intent': 'new_analyst_start', 'analyst_name': 'Indrajit Agarwal', 'analyst_company': 'CLSA', 'reasoning': "From the moderator statement, it's introducing an analyst from a new company to start the Q&A session."}
2025-03-23 19:07:34,764 - INFO - main.py:124 - Response from Moderator classifier: {'intent': 'new_analyst_start', 'analyst_name': 'Pallav Agarwal', 'analyst_company': 'Antique Stock Broking', 'reasoning': "From the moderator statement, it's introducing an analyst from a new company to start the Q&A session."}
2025-03-23 19:07:39,474 - INFO - main.py:124 - Response from Moderator classifier: {'intent': 'new_analyst_start', 'analyst_name': 'Sumangal Nevatia', 'analyst_company': 'Kotak Securities', 'reasoning': "From the moderator statement, it's introducing an analyst from a new company for the last question of the call."}
2025-03-23 19:07:45,617 - INFO - main.py:124 - Response from Moderator classifier: {'intent': 'end', 'reasoning': "From the moderator statement, it's handing over the conference to someone for closing comments, indicating the end of the call."}
2025-03-23 19:07:51,761 - INFO - main.py:124 - Response from Moderator classifier: {'intent': 'end', 'reasoning': "From the moderator statement, it's closing the call, thanking participants and asking them to disconnect their lines."}
2025-03-23 19:07:51,762 - INFO - main.py:167 - Extracted dialogues
2025-03-23 19:07:51,768 - INFO - test_parsing.py:38 - Testing jio_financial.pdf 

2025-03-23 19:07:56,706 - INFO - file_utils.py:71 - Saved transcript text to file

2025-03-23 19:08:01,596 - INFO - test_parsing.py:38 - Testing cipla.pdf 

2025-03-23 19:08:05,975 - INFO - file_utils.py:71 - Saved transcript text to file

2025-03-23 19:08:16,952 - INFO - main.py:124 - Response from Moderator classifier: {'intent': 'opening', 'reasoning': "From the moderator statement, it's the start of the call, as the moderator is welcoming everyone to the concall and providing instructions for the call."}
2025-03-23 19:08:20,843 - INFO - main.py:124 - Response from Moderator classifier: {'intent': 'new_analyst_start', 'analyst_name': 'Saion Mukherjee', 'analyst_company': 'Nomura Securities', 'reasoning': "From the moderator statement, it's introducing an analyst from a new company to start the Q&A session."}
2025-03-23 19:08:27,192 - INFO - main.py:124 - Response from Moderator classifier: {'intent': 'new_analyst_start', 'analyst_name': 'Kunal Dhamesha', 'analyst_company': 'Macquarie', 'reasoning': "From the moderator statement, it's introducing an analyst from a new company to ask a question."}
2025-03-23 19:08:31,902 - INFO - main.py:124 - Response from Moderator classifier: {'intent': 'new_analyst_start', 'analyst_name': 'Damayanti Kerai', 'analyst_company': 'HSBC', 'reasoning': "From the moderator statement, it's introducing an analyst from a new company to ask a question."}
2025-03-23 19:08:38,241 - INFO - main.py:124 - Response from Moderator classifier: {'intent': 'new_analyst_start', 'analyst_name': 'Neha Manpuria', 'analyst_company': 'Bank of America', 'reasoning': "From the moderator statement, it's introducing an analyst from a new company to ask a question."}
2025-03-23 19:08:38,242 - INFO - main.py:167 - Extracted dialogues
